2017-09-26 10:00:50,463 INFO [root] - Executed Successfully
2017-09-26 14:28:14,993 ERROR [root] - Exception OccuredOutput String = Invalid column index
2017-09-26 14:29:33,129 ERROR [root] - Exception Occurednull
2017-09-26 14:33:06,485 ERROR [root] - Exception Occurednull
2017-09-26 14:36:25,456 ERROR [root] - Exception Occurednull
2017-09-26 14:39:32,745 ERROR [root] - Exception Occurednull
2017-09-26 14:40:55,746 ERROR [root] - Exception Occurednull
2017-09-26 14:51:46,165 ERROR [root] - Exception OccuredInvalid column index
2017-09-26 14:57:10,796 ERROR [root] - Exception OccuredInvalid column index
2017-09-26 14:57:31,988 ERROR [root] - Exception OccuredInvalid column index
2017-09-26 17:23:24,905 ERROR [root] - Exception OccuredListener refused the connection with the following error:
ORA-12518, TNS:listener could not hand off client connection
 
2017-09-26 17:23:54,346 ERROR [root] - Exception OccuredListener refused the connection with the following error:
ORA-12518, TNS:listener could not hand off client connection
 
2017-09-26 17:24:08,247 ERROR [root] - Exception OccuredListener refused the connection with the following error:
ORA-12518, TNS:listener could not hand off client connection
 
2017-09-26 17:24:09,948 ERROR [root] - Exception OccuredListener refused the connection with the following error:
ORA-12518, TNS:listener could not hand off client connection
 
2017-09-26 17:24:10,589 ERROR [root] - Exception OccuredListener refused the connection with the following error:
ORA-12518, TNS:listener could not hand off client connection
 
2017-09-26 17:24:11,151 ERROR [root] - Exception OccuredListener refused the connection with the following error:
ORA-12518, TNS:listener could not hand off client connection
 
2017-09-26 17:24:18,533 ERROR [root] - Exception OccuredListener refused the connection with the following error:
ORA-12518, TNS:listener could not hand off client connection
 
2017-09-26 17:24:19,548 ERROR [root] - Exception OccuredListener refused the connection with the following error:
ORA-12518, TNS:listener could not hand off client connection
 
2017-09-26 17:26:03,792 ERROR [root] - Exception OccuredListener refused the connection with the following error:
ORA-12518, TNS:listener could not hand off client connection
 
2017-09-26 17:26:30,863 ERROR [root] - Exception OccuredListener refused the connection with the following error:
ORA-12518, TNS:listener could not hand off client connection
 
2017-09-26 17:35:40,233 ERROR [root] - Exception OccuredListener refused the connection with the following error:
ORA-12518, TNS:listener could not hand off client connection
 
2017-09-26 17:36:03,029 ERROR [root] - Exception OccuredListener refused the connection with the following error:
ORA-12518, TNS:listener could not hand off client connection
 
2017-09-26 17:36:06,696 ERROR [root] - Exception OccuredListener refused the connection with the following error:
ORA-12518, TNS:listener could not hand off client connection
 
2017-09-26 17:36:07,867 ERROR [root] - Exception OccuredListener refused the connection with the following error:
ORA-12518, TNS:listener could not hand off client connection
 
2017-09-26 17:36:08,508 ERROR [root] - Exception OccuredListener refused the connection with the following error:
ORA-12518, TNS:listener could not hand off client connection
 
2017-09-26 17:36:12,738 ERROR [root] - Exception OccuredListener refused the connection with the following error:
ORA-12518, TNS:listener could not hand off client connection
 
2017-09-26 17:36:14,487 ERROR [root] - Exception OccuredListener refused the connection with the following error:
ORA-12518, TNS:listener could not hand off client connection
 
2017-09-26 17:36:15,299 ERROR [root] - Exception OccuredListener refused the connection with the following error:
ORA-12518, TNS:listener could not hand off client connection
 
2017-09-26 17:36:16,001 ERROR [root] - Exception OccuredListener refused the connection with the following error:
ORA-12518, TNS:listener could not hand off client connection
 
2017-09-26 17:36:24,725 ERROR [root] - Exception OccuredListener refused the connection with the following error:
ORA-12518, TNS:listener could not hand off client connection
 
2017-09-26 17:36:25,959 ERROR [root] - Exception OccuredListener refused the connection with the following error:
ORA-12518, TNS:listener could not hand off client connection
 
2017-09-26 17:36:26,802 ERROR [root] - Exception OccuredListener refused the connection with the following error:
ORA-12518, TNS:listener could not hand off client connection
 
2017-09-26 17:36:27,520 ERROR [root] - Exception OccuredListener refused the connection with the following error:
ORA-12518, TNS:listener could not hand off client connection
 
2017-09-26 17:36:41,408 ERROR [root] - Exception OccuredListener refused the connection with the following error:
ORA-12518, TNS:listener could not hand off client connection
 
2017-09-26 17:36:42,641 ERROR [root] - Exception OccuredListener refused the connection with the following error:
ORA-12518, TNS:listener could not hand off client connection
 
2017-09-26 17:36:43,407 ERROR [root] - Exception OccuredListener refused the connection with the following error:
ORA-12518, TNS:listener could not hand off client connection
 
2017-09-26 17:36:43,984 ERROR [root] - Exception OccuredListener refused the connection with the following error:
ORA-12518, TNS:listener could not hand off client connection
 
2017-09-26 17:36:48,340 ERROR [root] - Exception OccuredListener refused the connection with the following error:
ORA-12518, TNS:listener could not hand off client connection
 
